<?xml version="1.0" encoding="UTF-8"?>
<testsuite xmlns:xsi="http://www.w3.org/2001/XMLSchema-instance" xsi:noNamespaceSchemaLocation="https://maven.apache.org/surefire/maven-surefire-plugin/xsd/surefire-test-report-3.0.xsd" version="3.0" name="com.uqac.tickets.OpenApiGeneratorApplicationTests" time="6.177" tests="1" errors="0" skipped="0" failures="0">
  <properties>
[...]
</properties>
  <testcase name="contextLoads" classname="com.uqac.tickets.OpenApiGeneratorApplicationTests" time="1.23">
    <system-out><![CDATA[23:40:05.920 [main] INFO org.springframework.test.context.support.AnnotationConfigContextLoaderUtils -- Could not detect default configuration classes for test class [com.uqac.tickets.OpenApiGeneratorApplicationTests]: OpenApiGeneratorApplicationTests does not declare any static, non-private, non-final, nested classes annotated with @Configuration.
23:40:06.139 [main] INFO org.springframework.boot.test.context.SpringBootTestContextBootstrapper -- Found @SpringBootConfiguration com.uqac.tickets.OpenApiGeneratorApplication for test class com.uqac.tickets.OpenApiGeneratorApplicationTests

  .   ____          _            __ _ _
 /\\ / ___'_ __ _ _(_)_ __  __ _ \ \ \ \
( ( )\___ | '_ | '_| | '_ \/ _` | \ \ \ \
 \\/  ___)| |_)| | | | | || (_| |  ) ) ) )
  '  |____| .__|_| |_|_| |_\__, | / / / /
 =========|_|==============|___/=/_/_/_/
 :: Spring Boot ::                (v3.1.3)

2025-11-12T23:40:06.965-05:00  INFO 36728 --- [           main] c.u.t.OpenApiGeneratorApplicationTests   : Starting OpenApiGeneratorApplicationTests using Java 23.0.1 with PID 36728 (started by sibag in C:\projets\Laboratoire4\api\server)
2025-11-12T23:40:06.968-05:00  INFO 36728 --- [           main] c.u.t.OpenApiGeneratorApplicationTests   : No active profile set, falling back to 1 default profile: "default"
2025-11-12T23:40:10.475-05:00  INFO 36728 --- [           main] c.u.t.OpenApiGeneratorApplicationTests   : Started OpenApiGeneratorApplicationTests in 4.026 seconds (process running for 5.966)
]]></system-out>
    <system-err><![CDATA[WARNING: A Java agent has been loaded dynamically (C:\Users\sibag\.m2\repository\net\bytebuddy\byte-buddy-agent\1.14.6\byte-buddy-agent-1.14.6.jar)
WARNING: If a serviceability tool is in use, please run with -XX:+EnableDynamicAgentLoading to hide this warning
WARNING: If a serviceability tool is not in use, please run with -Djdk.instrument.traceUsage for more information
WARNING: Dynamic loading of agents will be disallowed by default in a future release
]]></system-err>
  </testcase>
</testsuite>